

*******************************************************************************
Fri Jun 14 10:20:50 2019


FIT:    data read from 'inj.txt'u 1:3
        format = x:z
        x range restricted to [6.00000 : 12.0000]
        #datapoints = 10
        residuals are weighted equally (unit weight)

function used for fitting: f(x)
	f(x) = a*x + b
fitted parameters initialized with current variable values

iter      chisq       delta/lim  lambda   a             b            
   0 3.3033965976e+03   0.00e+00  6.54e+00    1.000000e+00   1.000000e+00
   5 2.9784563590e+00  -2.43e-07  6.54e-05   -1.829892e+00   9.128955e+00

After 5 iterations the fit converged.
final sum of squares of residuals : 2.97846
rel. change during last iteration : -2.43078e-12

degrees of freedom    (FIT_NDF)                        : 8
rms of residuals      (FIT_STDFIT) = sqrt(WSSR/ndf)    : 0.61017
variance of residuals (reduced chisquare) = WSSR/ndf   : 0.372307

Final set of parameters            Asymptotic Standard Error
=======================            ==========================
a               = -1.82989         +/- 0.1008       (5.507%)
b               = 9.12895          +/- 0.9272       (10.16%)

correlation matrix of the fit parameters:
                a      b      
a               1.000 
b              -0.978  1.000 


*******************************************************************************
Fri Jun 14 10:21:05 2019


FIT:    data read from 'dist.txt'u 1:3
        format = x:z
        x range restricted to [6.00000 : 12.0000]
        #datapoints = 10
        residuals are weighted equally (unit weight)

function used for fitting: f(x)
	f(x) = a*x + b
fitted parameters initialized with current variable values

iter      chisq       delta/lim  lambda   a             b            
   0 8.7669285082e+01   0.00e+00  1.35e+01   -1.829892e+00   9.128955e+00
   4 4.2216513373e+00  -1.29e-03  1.35e-03   -2.763245e+00   1.979862e+01

After 4 iterations the fit converged.
final sum of squares of residuals : 4.22165
rel. change during last iteration : -1.29097e-08

degrees of freedom    (FIT_NDF)                        : 8
rms of residuals      (FIT_STDFIT) = sqrt(WSSR/ndf)    : 0.726434
variance of residuals (reduced chisquare) = WSSR/ndf   : 0.527706

Final set of parameters            Asymptotic Standard Error
=======================            ==========================
a               = -2.76325         +/- 0.12         (4.342%)
b               = 19.7986          +/- 1.104        (5.575%)

correlation matrix of the fit parameters:
                a      b      
a               1.000 
b              -0.978  1.000 


*******************************************************************************
Fri Jun 14 11:34:11 2019


FIT:    data read from 'inj.txt' u 1:3
        format = x:z
        #datapoints = 50
        residuals are weighted equally (unit weight)

function used for fitting: f(x)
	f(x) =a*x+b
fitted parameters initialized with current variable values

iter      chisq       delta/lim  lambda   a             b            
   0 3.7622384296e+04   0.00e+00  8.99e+00    1.000000e+00   1.000000e+00
   5 6.6704676225e+00  -3.69e-08  8.99e-05   -1.908623e+00   1.059291e+01

After 5 iterations the fit converged.
final sum of squares of residuals : 6.67047
rel. change during last iteration : -3.69094e-13

degrees of freedom    (FIT_NDF)                        : 48
rms of residuals      (FIT_STDFIT) = sqrt(WSSR/ndf)    : 0.372784
variance of residuals (reduced chisquare) = WSSR/ndf   : 0.138968

Final set of parameters            Asymptotic Standard Error
=======================            ==========================
a               = -1.90862         +/- 0.02557      (1.34%)
b               = 10.5929          +/- 0.324        (3.058%)

correlation matrix of the fit parameters:
                a      b      
a               1.000 
b              -0.987  1.000 


*******************************************************************************
Fri Jun 14 11:34:52 2019


FIT:    data read from 'inj.txt' u 1:3
        format = x:z
        #datapoints = 50
        residuals are weighted equally (unit weight)

function used for fitting: f(x)
	f(x) =a*x+b
fitted parameters initialized with current variable values

iter      chisq       delta/lim  lambda   a             b            
   0 6.5605536582e+01   0.00e+00  1.51e+01   -1.908623e+00   1.059291e+01
   3 6.6704779328e+00  -9.34e-01  1.51e-02   -1.908622e+00   9.507219e+00

After 3 iterations the fit converged.
final sum of squares of residuals : 6.67048
rel. change during last iteration : -9.34399e-06

degrees of freedom    (FIT_NDF)                        : 48
rms of residuals      (FIT_STDFIT) = sqrt(WSSR/ndf)    : 0.372785
variance of residuals (reduced chisquare) = WSSR/ndf   : 0.138968

Final set of parameters            Asymptotic Standard Error
=======================            ==========================
a               = -1.90862         +/- 0.02557      (1.34%)
b               = 9.50722          +/- 0.2486       (2.615%)

correlation matrix of the fit parameters:
                a      b      
a               1.000 
b              -0.977  1.000 


*******************************************************************************
Fri Jun 14 11:35:46 2019


FIT:    data read from 'dist.txt' u 1:3
        format = x:z
        #datapoints = 50
        residuals are weighted equally (unit weight)

function used for fitting: f(x)
	f(x) =a*x+b
fitted parameters initialized with current variable values

iter      chisq       delta/lim  lambda   a             b            
   0 2.8141190375e+02   0.00e+00  1.47e+01   -1.908622e+00   9.507219e+00
   4 2.0890729478e+01  -9.96e-07  1.47e-03   -2.781923e+00   1.920684e+01

After 4 iterations the fit converged.
final sum of squares of residuals : 20.8907
rel. change during last iteration : -9.96477e-12

degrees of freedom    (FIT_NDF)                        : 48
rms of residuals      (FIT_STDFIT) = sqrt(WSSR/ndf)    : 0.659715
variance of residuals (reduced chisquare) = WSSR/ndf   : 0.435224

Final set of parameters            Asymptotic Standard Error
=======================            ==========================
a               = -2.78192         +/- 0.04526      (1.627%)
b               = 19.2068          +/- 0.4399       (2.291%)

correlation matrix of the fit parameters:
                a      b      
a               1.000 
b              -0.977  1.000 


*******************************************************************************
Fri Jun 14 11:36:05 2019


FIT:    data read from 'dist.txt' u 1:3
        format = x:z
        #datapoints = 50
        residuals are weighted equally (unit weight)

function used for fitting: f(x)
	f(x) =a*x+b
fitted parameters initialized with current variable values

iter      chisq       delta/lim  lambda   a             b            
   0 1.8875302361e+03   0.00e+00  2.84e+01   -2.781923e+00   1.920684e+01
   4 6.6705004753e+00  -7.50e-06  2.84e-03   -1.908623e+00   1.415369e+01

After 4 iterations the fit converged.
final sum of squares of residuals : 6.6705
rel. change during last iteration : -7.49561e-11

degrees of freedom    (FIT_NDF)                        : 48
rms of residuals      (FIT_STDFIT) = sqrt(WSSR/ndf)    : 0.372785
variance of residuals (reduced chisquare) = WSSR/ndf   : 0.138969

Final set of parameters            Asymptotic Standard Error
=======================            ==========================
a               = -1.90862         +/- 0.02557      (1.34%)
b               = 14.1537          +/- 0.324        (2.289%)

correlation matrix of the fit parameters:
                a      b      
a               1.000 
b              -0.987  1.000 


*******************************************************************************
Fri Jul  5 17:21:41 2019


FIT:    data read from 'ntLuminosities.txt' u 1:2
        format = x:z
        x range restricted to [-8.00000 : 8.00000]
        #datapoints = 30
        residuals are weighted equally (unit weight)

function used for fitting: f(x)
	f(x)=a*x+b
fitted parameters initialized with current variable values

iter      chisq       delta/lim  lambda   a             b            
   0 5.4928821266e+03   0.00e+00  3.14e+00    1.000000e+00   1.000000e+00
   4 5.9042168823e+00  -6.46e-08  3.14e-04    3.166709e+00   1.287159e+01

After 4 iterations the fit converged.
final sum of squares of residuals : 5.90422
rel. change during last iteration : -6.455e-13

degrees of freedom    (FIT_NDF)                        : 28
rms of residuals      (FIT_STDFIT) = sqrt(WSSR/ndf)    : 0.4592
variance of residuals (reduced chisquare) = WSSR/ndf   : 0.210865

Final set of parameters            Asymptotic Standard Error
=======================            ==========================
a               = 3.16671          +/- 0.01978      (0.6245%)
b               = 12.8716          +/- 0.0857       (0.6658%)

correlation matrix of the fit parameters:
                a      b      
a               1.000 
b               0.207  1.000 


*******************************************************************************
Wed Sep 11 17:20:02 2019


FIT:    data read from 'protonInj.txt' u 1:3
        format = x:z
        #datapoints = 3000
        residuals are weighted equally (unit weight)

function used for fitting: f(x) [11:13]
	f(x) = a*x+b
fitted parameters initialized with current variable values



*******************************************************************************
Wed Sep 11 17:21:10 2019


FIT:    data read from 'protonInj.txt' u 1:3
        format = x:z
        x range restricted to [11.0000 : 13.0000]
        #datapoints = 690
        residuals are weighted equally (unit weight)

function used for fitting: f(x)
	f(x) = a*x+b
fitted parameters initialized with current variable values

iter      chisq       delta/lim  lambda   a             b            
   0 9.5123644185e+03   0.00e+00  8.53e+00    1.000000e+00   1.000000e+00
   4 3.8662987181e+03  -7.52e-02  8.53e-04   -1.991686e+00   3.468032e+01

After 4 iterations the fit converged.
final sum of squares of residuals : 3866.3
rel. change during last iteration : -7.51731e-07

degrees of freedom    (FIT_NDF)                        : 688
rms of residuals      (FIT_STDFIT) = sqrt(WSSR/ndf)    : 2.37057
variance of residuals (reduced chisquare) = WSSR/ndf   : 5.61962

Final set of parameters            Asymptotic Standard Error
=======================            ==========================
a               = -1.99169         +/- 0.1497       (7.514%)
b               = 34.6803          +/- 1.798        (5.185%)

correlation matrix of the fit parameters:
                a      b      
a               1.000 
b              -0.999  1.000 
